Arguments: 
  C:\Program Files\nodejs\node.exe C:\Program Files (x86)\Yarn\bin\yarn.js dev

PATH: 
  C:\Program Files\Git\mingw64\bin;C:\Program Files\Git\usr\bin;C:\Users\Lev\bin;C:\Program Files (x86)\Intel\iCLS Client;C:\Program Files\Intel\iCLS Client;C:\Program Files\Docker\Docker\Resources\bin;C:\Python27;C:\Python27\Scripts;C:\ProgramData\Oracle\Java\javapath;C:\WINDOWS\system32;C:\WINDOWS;C:\WINDOWS\System32\Wbem;C:\WINDOWS\System32\WindowsPowerShell\v1.0;C:\Program Files (x86)\NVIDIA Corporation\PhysX\Common;C:\WINDOWS\system32;C:\WINDOWS;C:\WINDOWS\System32\Wbem;C:\WINDOWS\System32\WindowsPowerShell\v1.0;C:\Program Files\Calibre2;C:\Program Files (x86)\Skype\Phone;C:\Program Files\Git\cmd;C:\Go\bin;C:\Program Files (x86)\Intel\Intel(R) Management Engine Components\DAL;C:\Program Files\Intel\Intel(R) Management Engine Components\DAL;C:\Program Files (x86)\Intel\Intel(R) Management Engine Components\IPT;C:\Program Files\Intel\Intel(R) Management Engine Components\IPT;C:\Program Files\nodejs;C:\Program Files (x86)\Yarn\bin;C:\RailsInstaller\Ruby2.1.0\bin;C:\Ruby200-x64\bin;C:\Ruby23-x64\bin;C:\Users\Lev\AppData\Local\Microsoft\WindowsApps;C:\Go\bin;C:\Program Files\Heroku\bin;C:\Users\Lev\.lein\bin;C:\Users\Lev\phantomjs;C:\Users\Lev\AppData\Local\Android\sdk\platform-tools;C:\Users\Lev\AppData\Roaming\npm;C:\Users\Lev\AppData\Local\Yarn\bin;C:\Program Files\Microsoft VS Code\bin

Yarn version: 
  0.27.5

Node version: 
  8.2.1

Platform: 
  win32 x64

npm manifest: 
  {
    "name": "hashtagwars",
    "description": "open source front-end for hashtagwars",
    "version": "1.0.0",
    "author": "levsthings",
    "license": "MIT",
    "repository": {
      "type": "git",
      "url": "https://github.com/levsthings/hashtagwars-elm-edition"
    },
    "scripts": {
      "cleanup": "rimraf public/",
      "dev": "webpack-dev-server --config ./src/webpack.config.dev.js --progress",
      "build": "yarn cleanup && export NODE_ENV=production || SET \"NODE_ENV=production\" && webpack --config ./src/webpack.config.prod.js --optimize-minimize --progress --hide-modules",
      "serve": "yarn build && static public",
      "test": "eslint ./src/ --color",
      "lint": "eslint --fix ./src/ --color",
      "precommit": "lint-staged"
    },
    "engines": {
      "node": "8.2.1",
      "yarn": "0.27.5"
    },
    "lint-staged": {
      "*.js": [
        "yarn lint",
        "git add"
      ]
    },
    "browserslist": [
      "last 2 versions"
    ],
    "devDependencies": {
      "chalk": "^2.1.0",
      "copy-webpack-plugin": "^4.0.1",
      "css-loader": "^0.28.5",
      "elm": "^0.18.0",
      "elm-webpack-loader": "^4.3.0",
      "extract-text-webpack-plugin": "^3.0.0",
      "file-loader": "^0.11.1",
      "html-loader": "^0.5.1",
      "html-webpack-plugin": "^2.28.0",
      "husky": "^0.14.3",
      "image-webpack-loader": "^3.4.0",
      "lint-staged": "^4.0.4",
      "node-sass": "^4.5.3",
      "postcss-loader": "^2.0.5",
      "pug": "^2.0.0-rc.2",
      "pug-html-loader": "^1.1.5",
      "rimraf": "^2.6.1",
      "sass-loader": "^6.0.5",
      "style-loader": "^0.18.1",
      "webpack": "^3.5.5",
      "webpack-dev-server": "^2.4.5"
    },
    "dependencies": {
      "bulma": "^0.5.1",
      "chart.js": "^2.6.0",
    }
  }

yarn manifest: 
  No manifest

Lockfile: 
  No lockfile

Trace: 
  SyntaxError: F:\work\dev\projects\package\hashtagwars-elm-edition\package.json: Unexpected token } in JSON at position 1665
      at JSON.parse (<anonymous>)
      at C:\Program Files (x86)\Yarn\lib\yarn-cli.js:747:57
      at Generator.next (<anonymous>)
      at step (C:\Program Files (x86)\Yarn\lib\yarn-cli.js:91:30)
      at C:\Program Files (x86)\Yarn\lib\yarn-cli.js:102:13
      at <anonymous>
